  Analyze.cpp
  BayerDecoder.cpp
  Border.cpp
  Buffers.cpp
  Channels.cpp
  ColorBlender.cpp
  ColorMapping.cpp
  Colors.cpp
  ColorSpaceConverter.cpp
  CommonRenderer.cpp
  Comparitors.cpp
  Compositor.cpp
  ConditionalSilhouette.cpp
  Constants.cpp
  Convolution.cpp
  Cropping.cpp
  DataManipulation.cpp
  Deinterlace.cpp
  DisplayList.cpp
  Distortion.cpp
  Generating Code...
  Compiling...
  Dither.cpp
  FormatConversion.cpp
  FullBufferFunctions.cpp
  Gradients.cpp
  Grayscale.cpp
  Histogram.cpp
  HoughTransform.cpp
  ImageMangling.cpp
  ImageManipulation.cpp
  ImageSplitter.cpp
  Infrastructure.cpp
  Kaleidoscopic.cpp
  Luminance.cpp
  Masks.cpp
  Quantization.cpp
  Regional.cpp
  Render.cpp
  Scaling.cpp
  Segment.cpp
  Segments.cpp
  Generating Code...
  Compiling...
  Stack.cpp
Stack.cpp(47): warning C4996: 'strcpy': This function or variable may be unsafe. Consider using strcpy_s instead. To disable deprecation, use _CRT_SECURE_NO_WARNINGS. See online help for details.
  C:\Program Files (x86)\Windows Kits\10\Include\10.0.10240.0\ucrt\string.h(119): note: see declaration of 'strcpy'
Stack.cpp(60): warning C4996: 'strcpy': This function or variable may be unsafe. Consider using strcpy_s instead. To disable deprecation, use _CRT_SECURE_NO_WARNINGS. See online help for details.
  C:\Program Files (x86)\Windows Kits\10\Include\10.0.10240.0\ucrt\string.h(119): note: see declaration of 'strcpy'
Stack.cpp(62): warning C4996: 'strcpy': This function or variable may be unsafe. Consider using strcpy_s instead. To disable deprecation, use _CRT_SECURE_NO_WARNINGS. See online help for details.
  C:\Program Files (x86)\Windows Kits\10\Include\10.0.10240.0\ucrt\string.h(119): note: see declaration of 'strcpy'
Stack.cpp(74): warning C4996: 'strcpy': This function or variable may be unsafe. Consider using strcpy_s instead. To disable deprecation, use _CRT_SECURE_NO_WARNINGS. See online help for details.
  C:\Program Files (x86)\Windows Kits\10\Include\10.0.10240.0\ucrt\string.h(119): note: see declaration of 'strcpy'
Stack.cpp(87): warning C4996: 'strcpy': This function or variable may be unsafe. Consider using strcpy_s instead. To disable deprecation, use _CRT_SECURE_NO_WARNINGS. See online help for details.
  C:\Program Files (x86)\Windows Kits\10\Include\10.0.10240.0\ucrt\string.h(119): note: see declaration of 'strcpy'
Stack.cpp(101): warning C4996: 'strcpy': This function or variable may be unsafe. Consider using strcpy_s instead. To disable deprecation, use _CRT_SECURE_NO_WARNINGS. See online help for details.
  C:\Program Files (x86)\Windows Kits\10\Include\10.0.10240.0\ucrt\string.h(119): note: see declaration of 'strcpy'
Stack.cpp(103): warning C4996: 'strcpy': This function or variable may be unsafe. Consider using strcpy_s instead. To disable deprecation, use _CRT_SECURE_NO_WARNINGS. See online help for details.
  C:\Program Files (x86)\Windows Kits\10\Include\10.0.10240.0\ucrt\string.h(119): note: see declaration of 'strcpy'
Stack.cpp(119): warning C4996: 'strcat': This function or variable may be unsafe. Consider using strcat_s instead. To disable deprecation, use _CRT_SECURE_NO_WARNINGS. See online help for details.
  C:\Program Files (x86)\Windows Kits\10\Include\10.0.10240.0\ucrt\string.h(90): note: see declaration of 'strcat'
Stack.cpp(120): warning C4996: 'strcat': This function or variable may be unsafe. Consider using strcat_s instead. To disable deprecation, use _CRT_SECURE_NO_WARNINGS. See online help for details.
  C:\Program Files (x86)\Windows Kits\10\Include\10.0.10240.0\ucrt\string.h(90): note: see declaration of 'strcat'
Stack.cpp(124): warning C4996: 'strcat': This function or variable may be unsafe. Consider using strcat_s instead. To disable deprecation, use _CRT_SECURE_NO_WARNINGS. See online help for details.
  C:\Program Files (x86)\Windows Kits\10\Include\10.0.10240.0\ucrt\string.h(90): note: see declaration of 'strcat'
Stack.cpp(128): warning C4996: 'strcat': This function or variable may be unsafe. Consider using strcat_s instead. To disable deprecation, use _CRT_SECURE_NO_WARNINGS. See online help for details.
  C:\Program Files (x86)\Windows Kits\10\Include\10.0.10240.0\ucrt\string.h(90): note: see declaration of 'strcat'
Stack.cpp(129): warning C4996: 'strcat': This function or variable may be unsafe. Consider using strcat_s instead. To disable deprecation, use _CRT_SECURE_NO_WARNINGS. See online help for details.
  C:\Program Files (x86)\Windows Kits\10\Include\10.0.10240.0\ucrt\string.h(90): note: see declaration of 'strcat'
Stack.cpp(116): warning C4996: 'sprintf': This function or variable may be unsafe. Consider using sprintf_s instead. To disable deprecation, use _CRT_SECURE_NO_WARNINGS. See online help for details.
  C:\Program Files (x86)\Windows Kits\10\Include\10.0.10240.0\ucrt\stdio.h(1769): note: see declaration of 'sprintf'
  Steganography.cpp
  Steganography2.cpp
  TestImageRenderer.cpp
  Utilities.cpp
  Generating Code...
     Creating library C:\Users\Stuart\Desktop\Projects4\ColorBlend\ColorBlend\Debug\ColorBlender.lib and object C:\Users\Stuart\Desktop\Projects4\ColorBlend\ColorBlend\Debug\ColorBlender.exp
  ColorBlender.vcxproj -> C:\Users\Stuart\Desktop\Projects4\ColorBlend\ColorBlend\Debug\ColorBlender.dll
  ColorBlender.vcxproj -> C:\Users\Stuart\Desktop\Projects4\ColorBlend\ColorBlend\Debug\ColorBlender.pdb (Partial PDB)
          1 file(s) copied.
