c:\users\stuart\desktop\projects4\colorblend\colorblender\debug\vc141.pdb
c:\users\stuart\desktop\projects4\colorblend\colorblender\debug\analyze.xdc
c:\users\stuart\desktop\projects4\colorblend\colorblender\debug\bayerdecoder.xdc
c:\users\stuart\desktop\projects4\colorblend\colorblender\debug\border.xdc
c:\users\stuart\desktop\projects4\colorblend\colorblender\debug\buffers.xdc
c:\users\stuart\desktop\projects4\colorblend\colorblender\debug\channels.xdc
c:\users\stuart\desktop\projects4\colorblend\colorblender\debug\colorblender.xdc
c:\users\stuart\desktop\projects4\colorblend\colorblender\debug\colormapping.xdc
c:\users\stuart\desktop\projects4\colorblend\colorblender\debug\colors.xdc
c:\users\stuart\desktop\projects4\colorblend\colorblender\debug\colorspaceconverter.xdc
c:\users\stuart\desktop\projects4\colorblend\colorblender\debug\commonrenderer.xdc
c:\users\stuart\desktop\projects4\colorblend\colorblender\debug\comparitors.xdc
c:\users\stuart\desktop\projects4\colorblend\colorblender\debug\compositor.xdc
c:\users\stuart\desktop\projects4\colorblend\colorblender\debug\conditionalsilhouette.xdc
c:\users\stuart\desktop\projects4\colorblend\colorblender\debug\constants.xdc
c:\users\stuart\desktop\projects4\colorblend\colorblender\debug\convolution.xdc
c:\users\stuart\desktop\projects4\colorblend\colorblender\debug\cropping.xdc
c:\users\stuart\desktop\projects4\colorblend\colorblender\debug\datamanipulation.xdc
c:\users\stuart\desktop\projects4\colorblend\colorblender\debug\deinterlace.xdc
c:\users\stuart\desktop\projects4\colorblend\colorblender\debug\displaylist.xdc
c:\users\stuart\desktop\projects4\colorblend\colorblender\debug\distortion.xdc
c:\users\stuart\desktop\projects4\colorblend\colorblender\debug\distortion.obj
c:\users\stuart\desktop\projects4\colorblend\colorblender\debug\distortion.asm
c:\users\stuart\desktop\projects4\colorblend\colorblender\debug\displaylist.obj
c:\users\stuart\desktop\projects4\colorblend\colorblender\debug\displaylist.asm
c:\users\stuart\desktop\projects4\colorblend\colorblender\debug\deinterlace.obj
c:\users\stuart\desktop\projects4\colorblend\colorblender\debug\deinterlace.asm
c:\users\stuart\desktop\projects4\colorblend\colorblender\debug\datamanipulation.obj
c:\users\stuart\desktop\projects4\colorblend\colorblender\debug\datamanipulation.asm
c:\users\stuart\desktop\projects4\colorblend\colorblender\debug\cropping.obj
c:\users\stuart\desktop\projects4\colorblend\colorblender\debug\cropping.asm
c:\users\stuart\desktop\projects4\colorblend\colorblender\debug\convolution.obj
c:\users\stuart\desktop\projects4\colorblend\colorblender\debug\convolution.asm
c:\users\stuart\desktop\projects4\colorblend\colorblender\debug\constants.obj
c:\users\stuart\desktop\projects4\colorblend\colorblender\debug\constants.asm
c:\users\stuart\desktop\projects4\colorblend\colorblender\debug\conditionalsilhouette.obj
c:\users\stuart\desktop\projects4\colorblend\colorblender\debug\conditionalsilhouette.asm
c:\users\stuart\desktop\projects4\colorblend\colorblender\debug\compositor.obj
c:\users\stuart\desktop\projects4\colorblend\colorblender\debug\compositor.asm
c:\users\stuart\desktop\projects4\colorblend\colorblender\debug\comparitors.obj
c:\users\stuart\desktop\projects4\colorblend\colorblender\debug\comparitors.asm
c:\users\stuart\desktop\projects4\colorblend\colorblender\debug\commonrenderer.obj
c:\users\stuart\desktop\projects4\colorblend\colorblender\debug\commonrenderer.asm
c:\users\stuart\desktop\projects4\colorblend\colorblender\debug\colorspaceconverter.obj
c:\users\stuart\desktop\projects4\colorblend\colorblender\debug\colorspaceconverter.asm
c:\users\stuart\desktop\projects4\colorblend\colorblender\debug\colors.obj
c:\users\stuart\desktop\projects4\colorblend\colorblender\debug\colors.asm
c:\users\stuart\desktop\projects4\colorblend\colorblender\debug\colormapping.obj
c:\users\stuart\desktop\projects4\colorblend\colorblender\debug\colormapping.asm
c:\users\stuart\desktop\projects4\colorblend\colorblender\debug\colorblender.obj
c:\users\stuart\desktop\projects4\colorblend\colorblender\debug\colorblender.asm
c:\users\stuart\desktop\projects4\colorblend\colorblender\debug\channels.obj
c:\users\stuart\desktop\projects4\colorblend\colorblender\debug\channels.asm
c:\users\stuart\desktop\projects4\colorblend\colorblender\debug\buffers.obj
c:\users\stuart\desktop\projects4\colorblend\colorblender\debug\buffers.asm
c:\users\stuart\desktop\projects4\colorblend\colorblender\debug\border.obj
c:\users\stuart\desktop\projects4\colorblend\colorblender\debug\border.asm
c:\users\stuart\desktop\projects4\colorblend\colorblender\debug\bayerdecoder.obj
c:\users\stuart\desktop\projects4\colorblend\colorblender\debug\bayerdecoder.asm
c:\users\stuart\desktop\projects4\colorblend\colorblender\debug\analyze.obj
c:\users\stuart\desktop\projects4\colorblend\colorblender\debug\analyze.asm
c:\users\stuart\desktop\projects4\colorblend\colorblender\debug\dither.xdc
c:\users\stuart\desktop\projects4\colorblend\colorblender\debug\formatconversion.xdc
c:\users\stuart\desktop\projects4\colorblend\colorblender\debug\fullbufferfunctions.xdc
c:\users\stuart\desktop\projects4\colorblend\colorblender\debug\gradients.xdc
c:\users\stuart\desktop\projects4\colorblend\colorblender\debug\grayscale.xdc
c:\users\stuart\desktop\projects4\colorblend\colorblender\debug\histogram.xdc
c:\users\stuart\desktop\projects4\colorblend\colorblender\debug\houghtransform.xdc
c:\users\stuart\desktop\projects4\colorblend\colorblender\debug\hsl.xdc
c:\users\stuart\desktop\projects4\colorblend\colorblender\debug\hsladjustments.xdc
c:\users\stuart\desktop\projects4\colorblend\colorblender\debug\imagemangling.xdc
c:\users\stuart\desktop\projects4\colorblend\colorblender\debug\imagemanipulation.xdc
c:\users\stuart\desktop\projects4\colorblend\colorblender\debug\imagesplitter.xdc
c:\users\stuart\desktop\projects4\colorblend\colorblender\debug\infrastructure.xdc
c:\users\stuart\desktop\projects4\colorblend\colorblender\debug\kaleidoscopic.xdc
c:\users\stuart\desktop\projects4\colorblend\colorblender\debug\luminance.xdc
c:\users\stuart\desktop\projects4\colorblend\colorblender\debug\masks.xdc
c:\users\stuart\desktop\projects4\colorblend\colorblender\debug\metrics.xdc
c:\users\stuart\desktop\projects4\colorblend\colorblender\debug\pixelmath.xdc
c:\users\stuart\desktop\projects4\colorblend\colorblender\debug\quantization.xdc
c:\users\stuart\desktop\projects4\colorblend\colorblender\debug\regional.xdc
c:\users\stuart\desktop\projects4\colorblend\colorblender\debug\regional.obj
c:\users\stuart\desktop\projects4\colorblend\colorblender\debug\regional.asm
c:\users\stuart\desktop\projects4\colorblend\colorblender\debug\quantization.obj
c:\users\stuart\desktop\projects4\colorblend\colorblender\debug\quantization.asm
c:\users\stuart\desktop\projects4\colorblend\colorblender\debug\pixelmath.obj
c:\users\stuart\desktop\projects4\colorblend\colorblender\debug\pixelmath.asm
c:\users\stuart\desktop\projects4\colorblend\colorblender\debug\metrics.obj
c:\users\stuart\desktop\projects4\colorblend\colorblender\debug\metrics.asm
c:\users\stuart\desktop\projects4\colorblend\colorblender\debug\masks.obj
c:\users\stuart\desktop\projects4\colorblend\colorblender\debug\masks.asm
c:\users\stuart\desktop\projects4\colorblend\colorblender\debug\luminance.obj
c:\users\stuart\desktop\projects4\colorblend\colorblender\debug\luminance.asm
c:\users\stuart\desktop\projects4\colorblend\colorblender\debug\kaleidoscopic.obj
c:\users\stuart\desktop\projects4\colorblend\colorblender\debug\kaleidoscopic.asm
c:\users\stuart\desktop\projects4\colorblend\colorblender\debug\infrastructure.obj
c:\users\stuart\desktop\projects4\colorblend\colorblender\debug\infrastructure.asm
c:\users\stuart\desktop\projects4\colorblend\colorblender\debug\imagesplitter.obj
c:\users\stuart\desktop\projects4\colorblend\colorblender\debug\imagesplitter.asm
c:\users\stuart\desktop\projects4\colorblend\colorblender\debug\imagemanipulation.obj
c:\users\stuart\desktop\projects4\colorblend\colorblender\debug\imagemanipulation.asm
c:\users\stuart\desktop\projects4\colorblend\colorblender\debug\imagemangling.obj
c:\users\stuart\desktop\projects4\colorblend\colorblender\debug\imagemangling.asm
c:\users\stuart\desktop\projects4\colorblend\colorblender\debug\hsladjustments.obj
c:\users\stuart\desktop\projects4\colorblend\colorblender\debug\hsladjustments.asm
c:\users\stuart\desktop\projects4\colorblend\colorblender\debug\hsl.obj
c:\users\stuart\desktop\projects4\colorblend\colorblender\debug\hsl.asm
c:\users\stuart\desktop\projects4\colorblend\colorblender\debug\houghtransform.obj
c:\users\stuart\desktop\projects4\colorblend\colorblender\debug\houghtransform.asm
c:\users\stuart\desktop\projects4\colorblend\colorblender\debug\histogram.obj
c:\users\stuart\desktop\projects4\colorblend\colorblender\debug\histogram.asm
c:\users\stuart\desktop\projects4\colorblend\colorblender\debug\grayscale.obj
c:\users\stuart\desktop\projects4\colorblend\colorblender\debug\grayscale.asm
c:\users\stuart\desktop\projects4\colorblend\colorblender\debug\gradients.obj
c:\users\stuart\desktop\projects4\colorblend\colorblender\debug\gradients.asm
c:\users\stuart\desktop\projects4\colorblend\colorblender\debug\fullbufferfunctions.obj
c:\users\stuart\desktop\projects4\colorblend\colorblender\debug\fullbufferfunctions.asm
c:\users\stuart\desktop\projects4\colorblend\colorblender\debug\formatconversion.obj
c:\users\stuart\desktop\projects4\colorblend\colorblender\debug\formatconversion.asm
c:\users\stuart\desktop\projects4\colorblend\colorblender\debug\dither.obj
c:\users\stuart\desktop\projects4\colorblend\colorblender\debug\dither.asm
c:\users\stuart\desktop\projects4\colorblend\colorblender\debug\render.xdc
c:\users\stuart\desktop\projects4\colorblend\colorblender\debug\rotations.xdc
c:\users\stuart\desktop\projects4\colorblend\colorblender\debug\scaling.xdc
c:\users\stuart\desktop\projects4\colorblend\colorblender\debug\segment.xdc
c:\users\stuart\desktop\projects4\colorblend\colorblender\debug\segments.xdc
c:\users\stuart\desktop\projects4\colorblend\colorblender\debug\simd_channelalign.xdc
c:\users\stuart\desktop\projects4\colorblend\colorblender\debug\singlepixels.xdc
c:\users\stuart\desktop\projects4\colorblend\colorblender\debug\stack.xdc
c:\users\stuart\desktop\projects4\colorblend\colorblender\debug\steganography.xdc
c:\users\stuart\desktop\projects4\colorblend\colorblender\debug\steganography2.xdc
c:\users\stuart\desktop\projects4\colorblend\colorblender\debug\testimagerenderer.xdc
c:\users\stuart\desktop\projects4\colorblend\colorblender\debug\utilities.xdc
c:\users\stuart\desktop\projects4\colorblend\colorblender\debug\utilities.obj
c:\users\stuart\desktop\projects4\colorblend\colorblender\debug\utilities.asm
c:\users\stuart\desktop\projects4\colorblend\colorblender\debug\testimagerenderer.obj
c:\users\stuart\desktop\projects4\colorblend\colorblender\debug\testimagerenderer.asm
c:\users\stuart\desktop\projects4\colorblend\colorblender\debug\steganography2.obj
c:\users\stuart\desktop\projects4\colorblend\colorblender\debug\steganography2.asm
c:\users\stuart\desktop\projects4\colorblend\colorblender\debug\steganography.obj
c:\users\stuart\desktop\projects4\colorblend\colorblender\debug\steganography.asm
c:\users\stuart\desktop\projects4\colorblend\colorblender\debug\stack.obj
c:\users\stuart\desktop\projects4\colorblend\colorblender\debug\stack.asm
c:\users\stuart\desktop\projects4\colorblend\colorblender\debug\singlepixels.obj
c:\users\stuart\desktop\projects4\colorblend\colorblender\debug\singlepixels.asm
c:\users\stuart\desktop\projects4\colorblend\colorblender\debug\simd_channelalign.obj
c:\users\stuart\desktop\projects4\colorblend\colorblender\debug\simd_channelalign.asm
c:\users\stuart\desktop\projects4\colorblend\colorblender\debug\segments.obj
c:\users\stuart\desktop\projects4\colorblend\colorblender\debug\segments.asm
c:\users\stuart\desktop\projects4\colorblend\colorblender\debug\segment.obj
c:\users\stuart\desktop\projects4\colorblend\colorblender\debug\segment.asm
c:\users\stuart\desktop\projects4\colorblend\colorblender\debug\scaling.obj
c:\users\stuart\desktop\projects4\colorblend\colorblender\debug\scaling.asm
c:\users\stuart\desktop\projects4\colorblend\colorblender\debug\rotations.obj
c:\users\stuart\desktop\projects4\colorblend\colorblender\debug\rotations.asm
c:\users\stuart\desktop\projects4\colorblend\colorblender\debug\render.obj
c:\users\stuart\desktop\projects4\colorblend\colorblender\debug\render.asm
c:\users\stuart\desktop\projects4\colorblend\colorblend\debug\colorblender.lib
c:\users\stuart\desktop\projects4\colorblend\colorblend\debug\colorblender.exp
c:\users\stuart\desktop\projects4\colorblend\colorblend\debug\colorblender.dll
c:\users\stuart\desktop\projects4\colorblend\colorblend\debug\colorblender.map
c:\users\stuart\desktop\projects4\colorblend\colorblend\debug\colorblender.pdb
c:\users\stuart\desktop\projects4\colorblend\colorblend\debug\colorblender.xml
c:\users\stuart\desktop\projects4\colorblend\colorblender\debug\colorblender.tlog\cl.command.1.tlog
c:\users\stuart\desktop\projects4\colorblend\colorblender\debug\colorblender.tlog\cl.read.1.tlog
c:\users\stuart\desktop\projects4\colorblend\colorblender\debug\colorblender.tlog\cl.write.1.tlog
c:\users\stuart\desktop\projects4\colorblend\colorblender\debug\colorblender.tlog\colorblender.write.1u.tlog
c:\users\stuart\desktop\projects4\colorblend\colorblender\debug\colorblender.tlog\link.command.1.tlog
c:\users\stuart\desktop\projects4\colorblend\colorblender\debug\colorblender.tlog\link.read.1.tlog
c:\users\stuart\desktop\projects4\colorblend\colorblender\debug\colorblender.tlog\link.write.1.tlog
c:\users\stuart\desktop\projects4\colorblend\colorblender\debug\colorblender.tlog\xdcmake.command.1.tlog
c:\users\stuart\desktop\projects4\colorblend\colorblender\debug\colorblender.tlog\xdcmake.read.1.tlog
c:\users\stuart\desktop\projects4\colorblend\colorblender\debug\colorblender.tlog\xdcmake.write.1.tlog
